<?xml version="1.0" encoding="UTF-8"?>
<!-- Generated by org.testng.reporters.JUnitXMLReporter -->
<testsuite hostname="ASHOK-PC" ignored="0" name="Default test" tests="5" failures="0" timestamp="26 Apr 2019 11:55:09 GMT" time="179.144" errors="0">
  <testcase name="validateFlightPageTest" time="2.322" classname="com.PageTestClasses.FlightPageTest"/>
  <testcase name="display_noOf_FlightTest" time="39.322" classname="com.PageTestClasses.FlightPageTest"/>
  <testcase name="display_noOf_Non_Stop_FlightTest" time="38.53" classname="com.PageTestClasses.FlightPageTest"/>
  <testcase name="display_noOf_One_Stop_FlightTest" time="38.674" classname="com.PageTestClasses.FlightPageTest"/>
  <testcase name="selectFlightTest" time="9.155" classname="com.PageTestClasses.FlightPageTest"/>
</testsuite> <!-- Default test -->
