<?xml version="1.0" encoding="UTF-8"?>
<!-- Generated by org.testng.reporters.JUnitXMLReporter -->
<testsuite hostname="ASHOK-PC" ignored="0" name="Default test" tests="5" failures="0" timestamp="28 Apr 2019 10:45:51 GMT" time="116.824" errors="0">
  <testcase name="validateFlightPageTest" time="3.881" classname="com.PageTestClasses.FlightPageTest"/>
  <testcase name="display_noOf_FlightTest" time="17.798" classname="com.PageTestClasses.FlightPageTest"/>
  <testcase name="display_noOf_Non_Stop_FlightTest" time="17.564" classname="com.PageTestClasses.FlightPageTest"/>
  <testcase name="display_noOf_One_Stop_FlightTest" time="17.899" classname="com.PageTestClasses.FlightPageTest"/>
  <testcase name="selectFlightTest" time="8.781" classname="com.PageTestClasses.FlightPageTest"/>
</testsuite> <!-- Default test -->
