<?xml version="1.0" encoding="UTF-8"?>
<testng-results skipped="0" failed="0" ignored="0" total="7" passed="7">
  <reporter-output>
  </reporter-output>
  <suite name="Selenium_Coding_Assignment_21-04-2019_suite" duration-ms="223079" started-at="2019-04-26T12:42:14Z" finished-at="2019-04-26T12:45:57Z">
    <groups>
    </groups>
    <test name="makeMytripHomePage" duration-ms="49727" started-at="2019-04-26T12:42:14Z" finished-at="2019-04-26T12:43:04Z">
      <class name="com.PageTestClasses.HomePageTest">
        <test-method status="PASS" signature="openBrowser()[pri:0, instance:com.PageTestClasses.HomePageTest@4501b7af]" name="openBrowser" is-config="true" duration-ms="35501" started-at="2019-04-26T18:12:14Z" finished-at="2019-04-26T18:12:50Z">
          <reporter-output>
          </reporter-output>
        </test-method> <!-- openBrowser -->
        <test-method status="PASS" signature="verifyHomepageTitle()[pri:1, instance:com.PageTestClasses.HomePageTest@4501b7af]" name="verifyHomepageTitle" duration-ms="58" started-at="2019-04-26T18:12:50Z" finished-at="2019-04-26T18:12:50Z">
          <reporter-output>
          </reporter-output>
        </test-method> <!-- verifyHomepageTitle -->
        <test-method status="PASS" signature="searchFlightsTest()[pri:2, instance:com.PageTestClasses.HomePageTest@4501b7af]" name="searchFlightsTest" duration-ms="13245" started-at="2019-04-26T18:12:50Z" finished-at="2019-04-26T18:13:03Z">
          <reporter-output>
          </reporter-output>
        </test-method> <!-- searchFlightsTest -->
        <test-method status="PASS" signature="closeBrowser()[pri:0, instance:com.PageTestClasses.HomePageTest@4501b7af]" name="closeBrowser" is-config="true" duration-ms="875" started-at="2019-04-26T18:13:03Z" finished-at="2019-04-26T18:13:04Z">
          <reporter-output>
          </reporter-output>
        </test-method> <!-- closeBrowser -->
      </class> <!-- com.PageTestClasses.HomePageTest -->
    </test> <!-- makeMytripHomePage -->
    <test name="makeMytripFilghtPage" duration-ms="173292" started-at="2019-04-26T12:43:04Z" finished-at="2019-04-26T12:45:57Z">
      <class name="com.PageTestClasses.FlightPageTest">
        <test-method status="PASS" signature="openBrowser()[pri:0, instance:com.PageTestClasses.FlightPageTest@1a968a59]" name="openBrowser" is-config="true" duration-ms="49060" started-at="2019-04-26T18:13:04Z" finished-at="2019-04-26T18:13:53Z">
          <reporter-output>
          </reporter-output>
        </test-method> <!-- openBrowser -->
        <test-method status="PASS" signature="validateFlightPageTest()[pri:1, instance:com.PageTestClasses.FlightPageTest@1a968a59]" name="validateFlightPageTest" duration-ms="211" started-at="2019-04-26T18:13:53Z" finished-at="2019-04-26T18:13:53Z">
          <reporter-output>
          </reporter-output>
        </test-method> <!-- validateFlightPageTest -->
        <test-method status="PASS" signature="display_noOf_FlightTest()[pri:2, instance:com.PageTestClasses.FlightPageTest@1a968a59]" name="display_noOf_FlightTest" duration-ms="38767" started-at="2019-04-26T18:13:53Z" finished-at="2019-04-26T18:14:32Z">
          <reporter-output>
          </reporter-output>
        </test-method> <!-- display_noOf_FlightTest -->
        <test-method status="PASS" signature="display_noOf_Non_Stop_FlightTest()[pri:3, instance:com.PageTestClasses.FlightPageTest@1a968a59]" name="display_noOf_Non_Stop_FlightTest" duration-ms="38076" started-at="2019-04-26T18:14:32Z" finished-at="2019-04-26T18:15:10Z">
          <reporter-output>
          </reporter-output>
        </test-method> <!-- display_noOf_Non_Stop_FlightTest -->
        <test-method status="PASS" signature="display_noOf_One_Stop_FlightTest()[pri:4, instance:com.PageTestClasses.FlightPageTest@1a968a59]" name="display_noOf_One_Stop_FlightTest" duration-ms="38316" started-at="2019-04-26T18:15:10Z" finished-at="2019-04-26T18:15:49Z">
          <reporter-output>
          </reporter-output>
        </test-method> <!-- display_noOf_One_Stop_FlightTest -->
        <test-method status="PASS" signature="selectFlightTest()[pri:5, instance:com.PageTestClasses.FlightPageTest@1a968a59]" name="selectFlightTest" duration-ms="8180" started-at="2019-04-26T18:15:49Z" finished-at="2019-04-26T18:15:57Z">
          <reporter-output>
          </reporter-output>
        </test-method> <!-- selectFlightTest -->
        <test-method status="PASS" signature="closeBrowser()[pri:0, instance:com.PageTestClasses.FlightPageTest@1a968a59]" name="closeBrowser" is-config="true" duration-ms="663" started-at="2019-04-26T18:15:57Z" finished-at="2019-04-26T18:15:57Z">
          <reporter-output>
          </reporter-output>
        </test-method> <!-- closeBrowser -->
      </class> <!-- com.PageTestClasses.FlightPageTest -->
    </test> <!-- makeMytripFilghtPage -->
  </suite> <!-- Selenium_Coding_Assignment_21-04-2019_suite -->
</testng-results>
